<?xml version="1.0" encoding="UTF-8"?>
<!-- Generated by org.testng.reporters.JUnitXMLReporter -->
<testsuite ignored="2" hostname="TJ-" failures="0" tests="2" name="Test" time="0.08" errors="0" timestamp="2024-11-02T21:46:05 IST">
  <testcase classname="Login.Login_1" name="test01" time="0.014"/>
  <testcase classname="Org.org" name="test01" time="0.002"/>
  <testcase classname="Login.Login_1" name="test02" time="0.0">
    <ignored/>
  </testcase> <!-- test02 -->
  <testcase classname="Org.org" name="test02" time="0.0">
    <ignored/>
  </testcase> <!-- test02 -->
</testsuite> <!-- Test -->
