<?xml version="1.0" encoding="UTF-8"?>
<testng-results ignored="0" total="2" passed="2" failed="0" skipped="0">
  <reporter-output>
  </reporter-output>
  <suite started-at="2024-11-02T22:14:25 IST" name="Suite" finished-at="2024-11-02T22:14:26 IST" duration-ms="898">
    <groups>
      <group name="smoke">
        <method signature="Login_1.test01()[pri:0, instance:Login.Login_1@49c386c8]" name="test01" class="Login.Login_1"/>
        <method signature="org.test01()[pri:0, instance:Org.org@794cb805]" name="test01" class="Org.org"/>
      </group> <!-- smoke -->
    </groups>
    <test started-at="2024-11-02T22:14:25 IST" name="Test" finished-at="2024-11-02T22:14:26 IST" duration-ms="898">
      <class name="Login.Login_1">
        <test-method signature="test01()[pri:0, instance:Login.Login_1@49c386c8]" started-at="2024-11-02T22:14:25 IST" name="test01" finished-at="2024-11-02T22:14:25 IST" duration-ms="15" status="PASS">
          <reporter-output>
          </reporter-output>
        </test-method> <!-- test01 -->
      </class> <!-- Login.Login_1 -->
      <class name="Org.org">
        <test-method signature="test01()[pri:0, instance:Org.org@794cb805]" started-at="2024-11-02T22:14:26 IST" name="test01" finished-at="2024-11-02T22:14:26 IST" duration-ms="3" status="PASS">
          <reporter-output>
          </reporter-output>
        </test-method> <!-- test01 -->
      </class> <!-- Org.org -->
    </test> <!-- Test -->
  </suite> <!-- Suite -->
</testng-results>
