<?xml version="1.0" encoding="UTF-8"?>
<testng-results ignored="2" total="4" passed="2" failed="0" skipped="0">
  <reporter-output>
  </reporter-output>
  <suite started-at="2024-11-02T21:46:05 IST" name="Suite" finished-at="2024-11-02T21:46:05 IST" duration-ms="80">
    <groups>
      <group name="smoke">
        <method signature="Login_1.test01()[pri:0, instance:Login.Login_1@3527942a]" name="test01" class="Login.Login_1"/>
        <method signature="org.test01()[pri:0, instance:Org.org@4b45a2f5]" name="test01" class="Org.org"/>
      </group> <!-- smoke -->
    </groups>
    <test started-at="2024-11-02T21:46:05 IST" name="Test" finished-at="2024-11-02T21:46:05 IST" duration-ms="80">
      <class name="Login.Login_1">
        <test-method signature="test01()[pri:0, instance:Login.Login_1@3527942a]" started-at="2024-11-02T21:46:05 IST" name="test01" finished-at="2024-11-02T21:46:05 IST" duration-ms="14" status="PASS">
          <reporter-output>
          </reporter-output>
        </test-method> <!-- test01 -->
      </class> <!-- Login.Login_1 -->
      <class name="Org.org">
        <test-method signature="test01()[pri:0, instance:Org.org@4b45a2f5]" started-at="2024-11-02T21:46:05 IST" name="test01" finished-at="2024-11-02T21:46:05 IST" duration-ms="2" status="PASS">
          <reporter-output>
          </reporter-output>
        </test-method> <!-- test01 -->
      </class> <!-- Org.org -->
    </test> <!-- Test -->
  </suite> <!-- Suite -->
</testng-results>
